[debug] [2023-12-11T15:52:46.524Z] ----------------------------------------------------------------------
[debug] [2023-12-11T15:52:46.527Z] Command:       C:\Program Files\nodejs\node.exe C:\Users\COMPU-294\AppData\Roaming\npm\node_modules\firebase-tools\lib\bin\firebase.js projects:list
[debug] [2023-12-11T15:52:46.528Z] CLI Version:   12.5.4
[debug] [2023-12-11T15:52:46.528Z] Platform:      win32
[debug] [2023-12-11T15:52:46.528Z] Node Version:  v18.10.0
[debug] [2023-12-11T15:52:46.529Z] Time:          Mon Dec 11 2023 16:52:46 GMT+0100 (Ora standard dell’Europa centrale)
[debug] [2023-12-11T15:52:46.529Z] ----------------------------------------------------------------------
[debug] 
[debug] [2023-12-11T15:52:46.532Z] >>> [apiv2][query] GET https://firebase-public.firebaseio.com/cli.json [none]
[debug] [2023-12-11T15:52:46.570Z] > command requires scopes: ["email","openid","https://www.googleapis.com/auth/cloudplatformprojects.readonly","https://www.googleapis.com/auth/firebase","https://www.googleapis.com/auth/cloud-platform"]
[debug] [2023-12-11T15:52:46.570Z] > authorizing via signed-in user (dalsantosarah@gmail.com)
[debug] [2023-12-11T15:52:46.574Z] >>> [apiv2][query] GET https://firebase.googleapis.com/v1beta1/projects pageSize=1000
[debug] [2023-12-11T15:52:46.674Z] *** [apiv2] error from fetch(https://firebase.googleapis.com/v1beta1/projects?pageSize=1000, {"headers":{},"method":"GET","signal":{}}): FetchError: request to https://firebase.googleapis.com/v1beta1/projects?pageSize=1000 failed, reason: self-signed certificate in certificate chain
[debug] [2023-12-11T15:52:46.675Z] Failed to make request to https://firebase.googleapis.com/v1beta1/projects?pageSize=1000
[debug] [2023-12-11T15:52:46.755Z] FirebaseError: Failed to make request to https://firebase.googleapis.com/v1beta1/projects?pageSize=1000
    at RetryOperation._fn (C:\Users\COMPU-294\AppData\Roaming\npm\node_modules\firebase-tools\lib\apiv2.js:239:31)
    at process.processTicksAndRejections (node:internal/process/task_queues:95:5)
[error] 
[error] Error: Failed to list Firebase projects. See firebase-debug.log for more info.
[debug] [2023-12-11T15:52:46.759Z] *** [apiv2] error from fetch(https://firebase-public.firebaseio.com/cli.json, {"headers":{},"method":"GET"}): FetchError: request to https://firebase-public.firebaseio.com/cli.json failed, reason: self-signed certificate in certificate chain
[warn] !  Unable to fetch the CLI MOTD and remote config. 
[debug] [2023-12-11T15:52:46.760Z] Failed to fetch MOTD FirebaseError: Failed to make request to https://firebase-public.firebaseio.com/cli.json
